<?xml version="1.0" encoding="UTF-8"?>
<!-- Generated by org.testng.reporters.JUnitReportReporter -->
<testsuite skipped="0" hostname="DESKTOP-HPV4KNO" name="com.atipune.testng.basics.Parallel1" tests="1" failures="0" timestamp="2021-12-17T17:09:44 IST" time="11.062" errors="0">
  <testcase name="TC1" time="11.062" classname="com.atipune.testng.basics.Parallel1"/>
  <system-out/>
</testsuite> <!-- com.atipune.testng.basics.Parallel1 -->
