<?xml version="1.0" encoding="UTF-8"?>
<!-- Generated by org.testng.reporters.JUnitReportReporter -->
<testsuite skipped="0" hostname="DESKTOP-HPV4KNO" name="com.atipune.testng.basics.TestNg12" tests="4" failures="0" timestamp="2021-12-02T21:31:22 IST" time="0.026" errors="0">
  <testcase name="monali" time="0.006" classname="com.atipune.testng.basics.TestNg12"/>
  <system-out>
    <![CDATA[Monali]]>
  </system-out>
  <testcase name="mansi" time="0.002" classname="com.atipune.testng.basics.TestNg12"/>
  <system-out>
    <![CDATA[Mansi]]>
  </system-out>
  <testcase name="anita" time="0.016" classname="com.atipune.testng.basics.TestNg12"/>
  <system-out>
    <![CDATA[Anita]]>
  </system-out>
  <testcase name="nanda" time="0.002" classname="com.atipune.testng.basics.TestNg12"/>
  <system-out>
    <![CDATA[Nanda]]>
  </system-out>
</testsuite> <!-- com.atipune.testng.basics.TestNg12 -->
