<?xml version="1.0" encoding="UTF-8"?>
<!-- Generated by org.testng.reporters.JUnitReportReporter -->
<testsuite skipped="0" hostname="DESKTOP-HPV4KNO" name="com.atipune.testng.basics.TestNgTest" tests="1" failures="0" timestamp="2021-12-01T14:24:14 IST" time="0.015" errors="0">
  <testcase name="testcase1" time="0.015" classname="com.atipune.testng.basics.TestNgTest"/>
  <system-out/>
</testsuite> <!-- com.atipune.testng.basics.TestNgTest -->
