<?xml version="1.0" encoding="UTF-8"?>
<!-- Generated by org.testng.reporters.JUnitReportReporter -->
<testsuite skipped="0" hostname="DESKTOP-HPV4KNO" name="com.atipune.testng.basics.Demo1" tests="3" failures="0" timestamp="2021-12-24T17:27:31 IST" time="0.015" errors="0">
  <testcase name="TC3" time="0.002" classname="com.atipune.testng.basics.Demo1"/>
  <system-out>
    <![CDATA[running tc3]]>
  </system-out>
  <testcase name="TC1" time="0.012" classname="com.atipune.testng.basics.Demo1"/>
  <system-out>
    <![CDATA[running tc1]]>
  </system-out>
  <testcase name="TC2" time="0.001" classname="com.atipune.testng.basics.Demo1"/>
  <system-out>
    <![CDATA[running tc2]]>
  </system-out>
</testsuite> <!-- com.atipune.testng.basics.Demo1 -->
