<?xml version="1.0" encoding="UTF-8"?>
<!-- Generated by org.testng.reporters.JUnitReportReporter -->
<testsuite skipped="0" hostname="DESKTOP-HPV4KNO" name="com.atipune.testng.basics.Demo2" tests="3" failures="0" timestamp="2021-12-24T17:27:31 IST" time="0.012" errors="0">
  <testcase name="TC5" time="0.002" classname="com.atipune.testng.basics.Demo2"/>
  <system-out>
    <![CDATA[running tc5]]>
  </system-out>
  <testcase name="TC6" time="0.005" classname="com.atipune.testng.basics.Demo2"/>
  <system-out>
    <![CDATA[running tc6]]>
  </system-out>
  <testcase name="TC4" time="0.005" classname="com.atipune.testng.basics.Demo2"/>
  <system-out>
    <![CDATA[running tc4]]>
  </system-out>
</testsuite> <!-- com.atipune.testng.basics.Demo2 -->
