<?xml version="1.0" encoding="UTF-8"?>
<!-- Generated by org.testng.reporters.JUnitReportReporter -->
<testsuite skipped="0" hostname="DESKTOP-HPV4KNO" name="com.atipune.testng.basics.Grouping1" tests="5" failures="0" timestamp="2021-12-17T17:10:57 IST" time="0.019" errors="0">
  <testcase name="TC6" time="0.002" classname="com.atipune.testng.basics.Grouping1"/>
  <system-out>
    <![CDATA[running tc6   :]]>
  </system-out>
  <testcase name="TC3" time="0.002" classname="com.atipune.testng.basics.Grouping1"/>
  <system-out>
    <![CDATA[running tc3   :]]>
  </system-out>
  <testcase name="TC1" time="0.011" classname="com.atipune.testng.basics.Grouping1"/>
  <system-out>
    <![CDATA[running tc1   :]]>
  </system-out>
  <testcase name="TC5" time="0.002" classname="com.atipune.testng.basics.Grouping1"/>
  <system-out>
    <![CDATA[running tc5   :]]>
  </system-out>
  <testcase name="TC4" time="0.002" classname="com.atipune.testng.basics.Grouping1"/>
  <system-out>
    <![CDATA[running tc4   :]]>
  </system-out>
</testsuite> <!-- com.atipune.testng.basics.Grouping1 -->
