<?xml version="1.0" encoding="UTF-8"?>
<!-- Generated by org.testng.reporters.JUnitReportReporter -->
<testsuite skipped="0" hostname="DESKTOP-HPV4KNO" name="com.atipune.testng.basics.Parallel3" tests="1" failures="0" timestamp="2021-12-17T17:09:44 IST" time="17.127" errors="0">
  <testcase name="TC1" time="17.127" classname="com.atipune.testng.basics.Parallel3"/>
  <system-out/>
</testsuite> <!-- com.atipune.testng.basics.Parallel3 -->
