<?xml version="1.0" encoding="UTF-8"?>
<!-- Generated by org.testng.reporters.JUnitReportReporter -->
<testsuite skipped="0" hostname="DESKTOP-HPV4KNO" name="com.atipune.testng.basics.TestNgAnnotation" tests="3" failures="0" timestamp="2021-12-02T21:23:34 IST" time="0.027" errors="0">
  <testcase name="anita" time="0.020" classname="com.atipune.testng.basics.TestNgAnnotation"/>
  <system-out/>
  <testcase name="testMethod" time="0.004" classname="com.atipune.testng.basics.TestNgAnnotation"/>
  <system-out/>
  <testcase name="vmn" time="0.003" classname="com.atipune.testng.basics.TestNgAnnotation"/>
  <system-out/>
</testsuite> <!-- com.atipune.testng.basics.TestNgAnnotation -->
